{
  "RSpec": {
    "coverage": {
      "/Users/stephanieoldcorn/Makers/Ruby/yelp/config/environment.rb": [
        null,
        1,
        null,
        null,
        1
      ],
      "/Users/stephanieoldcorn/Makers/Ruby/yelp/config/application.rb": [
        1,
        null,
        null,
        1,
        1,
        1,
        1,
        1,
        1,
        1,
        null,
        null,
        null,
        null,
        1,
        null,
        1,
        1,
        null,
        null,
        null,
        null,
        null,
        null,
        null,
        null,
        null,
        null,
        null,
        null,
        null,
        1,
        null,
        null
      ],
      "/Users/stephanieoldcorn/Makers/Ruby/yelp/config/boot.rb": [
        1,
        null,
        1
      ],
      "/Users/stephanieoldcorn/Makers/Ruby/yelp/config/environments/test.rb": [
        1,
        null,
        null,
        null,
        null,
        null,
        null,
        1,
        null,
        null,
        null,
        null,
        1,
        null,
        null,
        1,
        1,
        null,
        null,
        1,
        1,
        null,
        null,
        1,
        null,
        null,
        1,
        null,
        null,
        null,
        null,
        1,
        null,
        null,
        1,
        null,
        null,
        1,
        null,
        null,
        null,
        null
      ],
      "/Users/stephanieoldcorn/Makers/Ruby/yelp/config/initializers/assets.rb": [
        null,
        null,
        null,
        1,
        null,
        null,
        null,
        null,
        null,
        null,
        null
      ],
      "/Users/stephanieoldcorn/Makers/Ruby/yelp/config/initializers/backtrace_silencers.rb": [
        null,
        null,
        null,
        null,
        null,
        null,
        null
      ],
      "/Users/stephanieoldcorn/Makers/Ruby/yelp/config/initializers/cookies_serializer.rb": [
        null,
        null,
        1
      ],
      "/Users/stephanieoldcorn/Makers/Ruby/yelp/config/initializers/devise.rb": [
        1,
        null,
        null,
        1,
        null,
        1,
        null,
        null,
        null,
        null,
        null,
        null,
        null,
        null,
        null,
        1,
        null,
        null,
        null,
        null,
        null,
        null,
        null,
        null,
        1,
        null,
        null,
        null,
        null,
        null,
        null,
        null,
        null,
        null,
        null,
        null,
        null,
        null,
        null,
        null,
        null,
        null,
        null,
        null,
        null,
        null,
        1,
        null,
        null,
        null,
        null,
        1,
        null,
        null,
        null,
        null,
        null,
        null,
        null,
        null,
        null,
        null,
        null,
        null,
        null,
        null,
        null,
        null,
        null,
        null,
        null,
        null,
        null,
        null,
        null,
        null,
        null,
        null,
        null,
        null,
        null,
        null,
        1,
        null,
        null,
        null,
        null,
        null,
        null,
        null,
        null,
        null,
        null,
        null,
        null,
        null,
        null,
        null,
        null,
        1,
        null,
        null,
        null,
        null,
        null,
        null,
        null,
        null,
        null,
        null,
        null,
        null,
        null,
        null,
        null,
        null,
        null,
        null,
        null,
        null,
        null,
        null,
        null,
        null,
        1,
        null,
        null,
        null,
        null,
        null,
        null,
        null,
        null,
        null,
        1,
        null,
        null,
        null,
        null,
        null,
        null,
        null,
        null,
        null,
        null,
        1,
        null,
        null,
        null,
        null,
        null,
        null,
        null,
        null,
        null,
        null,
        null,
        null,
        null,
        null,
        null,
        null,
        null,
        null,
        null,
        null,
        null,
        null,
        null,
        null,
        null,
        null,
        null,
        null,
        null,
        null,
        null,
        null,
        null,
        null,
        null,
        null,
        null,
        null,
        null,
        null,
        null,
        null,
        null,
        null,
        null,
        null,
        null,
        null,
        1,
        null,
        null,
        null,
        null,
        null,
        null,
        null,
        null,
        null,
        null,
        null,
        null,
        null,
        null,
        null,
        null,
        null,
        null,
        null,
        null,
        null,
        null,
        null,
        null,
        null,
        null,
        null,
        null,
        null,
        null,
        null,
        null,
        null,
        null,
        null,
        null,
        null,
        1,
        null,
        null,
        null,
        null,
        null,
        null,
        null,
        null,
        null,
        null,
        null,
        null,
        null,
        null,
        null,
        null,
        null,
        null,
        null,
        null,
        null,
        null,
        null,
        null,
        null,
        null,
        null,
        null,
        null
      ],
      "/Users/stephanieoldcorn/Makers/Ruby/yelp/lib/tokens.rb": [
        1,
        1
      ],
      "/Users/stephanieoldcorn/Makers/Ruby/yelp/config/initializers/filter_parameter_logging.rb": [
        null,
        null,
        null,
        1
      ],
      "/Users/stephanieoldcorn/Makers/Ruby/yelp/config/initializers/inflections.rb": [
        null,
        null,
        null,
        null,
        null,
        null,
        null,
        null,
        null,
        null,
        null,
        null,
        null,
        null,
        null,
        null
      ],
      "/Users/stephanieoldcorn/Makers/Ruby/yelp/config/initializers/mime_types.rb": [
        null,
        null,
        null,
        null
      ],
      "/Users/stephanieoldcorn/Makers/Ruby/yelp/config/initializers/session_store.rb": [
        null,
        null,
        1
      ],
      "/Users/stephanieoldcorn/Makers/Ruby/yelp/config/initializers/wrap_parameters.rb": [
        null,
        null,
        null,
        null,
        null,
        null,
        1,
        1,
        null,
        null,
        null,
        null,
        null,
        null
      ],
      "/Users/stephanieoldcorn/Makers/Ruby/yelp/config/routes.rb": [
        1,
        null,
        1,
        1,
        1,
        1,
        1,
        null,
        null,
        null,
        null,
        1,
        null,
        null,
        null,
        null,
        null,
        null,
        null,
        null,
        null,
        null,
        null,
        null,
        null,
        null,
        null,
        null,
        null,
        null,
        null,
        null,
        null,
        null,
        null,
        null,
        null,
        null,
        null,
        null,
        null,
        null,
        null,
        null,
        null,
        null,
        null,
        null,
        null,
        null,
        null,
        null,
        null,
        null,
        null,
        null,
        null,
        null,
        null,
        null,
        null,
        null,
        null,
        null,
        null,
        null,
        null
      ],
      "/Users/stephanieoldcorn/Makers/Ruby/yelp/app/models/user.rb": [
        1,
        null,
        null,
        1,
        null,
        null,
        1,
        null,
        1,
        0,
        0,
        0,
        null,
        null,
        null,
        1,
        18,
        18,
        0,
        null,
        null,
        null,
        null,
        null
      ],
      "/Users/stephanieoldcorn/Makers/Ruby/yelp/app/helpers/application_helper.rb": [
        1,
        null
      ],
      "/Users/stephanieoldcorn/Makers/Ruby/yelp/app/helpers/restaurants_helper.rb": [
        1,
        null
      ],
      "/Users/stephanieoldcorn/Makers/Ruby/yelp/app/helpers/reviews_helper.rb": [
        1,
        null
      ],
      "/Users/stephanieoldcorn/Makers/Ruby/yelp/app/models/restaurant.rb": [
        1,
        null,
        1,
        1,
        1,
        null,
        1,
        22,
        14,
        null,
        null,
        1,
        0,
        null,
        null
      ],
      "/Users/stephanieoldcorn/Makers/Ruby/yelp/app/models/review.rb": [
        1,
        null,
        1,
        1,
        null,
        null
      ],
      "/Users/stephanieoldcorn/Makers/Ruby/yelp/app/controllers/restaurants_controller.rb": [
        1,
        1,
        null,
        1,
        39,
        null,
        null,
        1,
        3,
        null,
        null,
        1,
        3,
        3,
        2,
        null,
        1,
        null,
        null,
        null,
        1,
        1,
        null,
        null,
        1,
        1,
        1,
        1,
        1,
        null,
        null,
        null,
        1,
        0,
        0,
        0,
        null,
        null,
        1,
        1,
        1,
        1,
        1,
        null,
        null,
        1,
        null,
        1,
        3,
        null,
        null,
        null
      ],
      "/Users/stephanieoldcorn/Makers/Ruby/yelp/app/controllers/application_controller.rb": [
        1,
        null,
        null,
        1,
        null
      ],
      "/Users/stephanieoldcorn/Makers/Ruby/yelp/app/controllers/reviews_controller.rb": [
        1,
        1,
        null,
        1,
        3,
        3,
        null,
        null,
        1,
        3,
        3,
        3,
        null,
        null,
        1,
        null,
        1,
        3,
        null,
        null,
        null
      ]
    },
    "timestamp": 1425915117
  }
}
